Using pre-set license
Built from '2022.3/staging' branch; Version is '2022.3.14f1 (eff2de9070d8) revision 15725278'; Using compiler version '192829333'; Build Type 'Release'
OS: 'Windows 11  (10.0.22631) 64bit Core' Language: 'en' Physical Memory: 16147 MB
BatchMode: 1, IsHumanControllingUs: 0, StartBugReporterOnCrash: 0, Is64bit: 1, IsPro: 1

COMMAND LINE ARGUMENTS:
C:\Program Files\Unity\Hub\Editor\2022.3.14f1\Editor\Unity.exe
-adb2
-batchMode
-noUpm
-name
AssetImportWorker2
-projectPath
C:/Users/chris/Downloads/LAB-03/LAB-03
-logFile
Logs/AssetImportWorker2.log
-srvPort
58562
Successfully changed project path to: C:/Users/chris/Downloads/LAB-03/LAB-03
C:/Users/chris/Downloads/LAB-03/LAB-03
[UnityMemory] Configuration Parameters - Can be set up in boot.config
    "memorysetup-bucket-allocator-granularity=16"
    "memorysetup-bucket-allocator-bucket-count=8"
    "memorysetup-bucket-allocator-block-size=33554432"
    "memorysetup-bucket-allocator-block-count=8"
    "memorysetup-main-allocator-block-size=16777216"
    "memorysetup-thread-allocator-block-size=16777216"
    "memorysetup-gfx-main-allocator-block-size=16777216"
    "memorysetup-gfx-thread-allocator-block-size=16777216"
    "memorysetup-cache-allocator-block-size=4194304"
    "memorysetup-typetree-allocator-block-size=2097152"
    "memorysetup-profiler-bucket-allocator-granularity=16"
    "memorysetup-profiler-bucket-allocator-bucket-count=8"
    "memorysetup-profiler-bucket-allocator-block-size=33554432"
    "memorysetup-profiler-bucket-allocator-block-count=8"
    "memorysetup-profiler-allocator-block-size=16777216"
    "memorysetup-profiler-editor-allocator-block-size=1048576"
    "memorysetup-temp-allocator-size-main=16777216"
    "memorysetup-job-temp-allocator-block-size=2097152"
    "memorysetup-job-temp-allocator-block-size-background=1048576"
    "memorysetup-job-temp-allocator-reduction-small-platforms=262144"
    "memorysetup-allocator-temp-initial-block-size-main=262144"
    "memorysetup-allocator-temp-initial-block-size-worker=262144"
    "memorysetup-temp-allocator-size-background-worker=32768"
    "memorysetup-temp-allocator-size-job-worker=262144"
    "memorysetup-temp-allocator-size-preload-manager=33554432"
    "memorysetup-temp-allocator-size-nav-mesh-worker=65536"
    "memorysetup-temp-allocator-size-audio-worker=65536"
    "memorysetup-temp-allocator-size-cloud-worker=32768"
    "memorysetup-temp-allocator-size-gi-baking-worker=262144"
    "memorysetup-temp-allocator-size-gfx=262144"
Player connection [11808] Host "[IP] 192.168.2.11 [Port] 0 [Flags] 2 [Guid] 240343352 [EditorId] 240343352 [Version] 1048832 [Id] WindowsEditor(7,Chris-PC) [Debug] 1 [PackageName] WindowsEditor [ProjectName] Editor" joined multi-casting on [225.0.0.222:54997]...

Player connection [11808] Host "[IP] 192.168.2.11 [Port] 0 [Flags] 2 [Guid] 240343352 [EditorId] 240343352 [Version] 1048832 [Id] WindowsEditor(7,Chris-PC) [Debug] 1 [PackageName] WindowsEditor [ProjectName] Editor" joined alternative multi-casting on [225.0.0.222:34997]...

[Physics::Module] Initialized MultithreadedJobDispatcher with 15 workers.
Refreshing native plugins compatible for Editor in 5.59 ms, found 3 plugins.
Preloading 0 native plugins for Editor in 0.00 ms.
Initialize engine version: 2022.3.14f1 (eff2de9070d8)
[Subsystems] Discovering subsystems at path C:/Program Files/Unity/Hub/Editor/2022.3.14f1/Editor/Data/Resources/UnitySubsystems
[Subsystems] Discovering subsystems at path C:/Users/chris/Downloads/LAB-03/LAB-03/Assets
GfxDevice: creating device client; threaded=0; jobified=0
Direct3D:
    Version:  Direct3D 11.0 [level 11.1]
    Renderer: NVIDIA GeForce RTX 3060 Laptop GPU (ID=0x2520)
    Vendor:   NVIDIA
    VRAM:     5996 MB
    Driver:   32.0.15.6590
Initialize mono
Mono path[0] = 'C:/Program Files/Unity/Hub/Editor/2022.3.14f1/Editor/Data/Managed'
Mono path[1] = 'C:/Program Files/Unity/Hub/Editor/2022.3.14f1/Editor/Data/MonoBleedingEdge/lib/mono/unityjit-win32'
Mono config path = 'C:/Program Files/Unity/Hub/Editor/2022.3.14f1/Editor/Data/MonoBleedingEdge/etc'
Using monoOptions --debugger-agent=transport=dt_socket,embedding=1,server=y,suspend=n,address=127.0.0.1:56468
Begin MonoManager ReloadAssembly
Registering precompiled unity dll's ...
Register platform support module: C:/Program Files/Unity/Hub/Editor/2022.3.14f1/Editor/Data/PlaybackEngines/WindowsStandaloneSupport/UnityEditor.WindowsStandalone.Extensions.dll
Registered in 0.004586 seconds.
- Loaded All Assemblies, in  0.398 seconds
Native extension for WindowsStandalone target not found
Mono: successfully reloaded assembly
- Finished resetting the current domain, in  0.210 seconds
Domain Reload Profiling: 607ms
	BeginReloadAssembly (144ms)
		ExecutionOrderSort (0ms)
		DisableScriptedObjects (0ms)
		BackupInstance (0ms)
		ReleaseScriptingObjects (0ms)
		CreateAndSetChildDomain (1ms)
	RebuildCommonClasses (35ms)
	RebuildNativeTypeToScriptingClass (9ms)
	initialDomainReloadingComplete (49ms)
	LoadAllAssembliesAndSetupDomain (159ms)
		LoadAssemblies (143ms)
		RebuildTransferFunctionScriptingTraits (0ms)
		AnalyzeDomain (157ms)
			TypeCache.Refresh (156ms)
				TypeCache.ScanAssembly (135ms)
			ScanForSourceGeneratedMonoScriptInfo (0ms)
			ResolveRequiredComponents (0ms)
	FinalizeReload (210ms)
		ReleaseScriptCaches (0ms)
		RebuildScriptCaches (0ms)
		SetupLoadedEditorAssemblies (164ms)
			LogAssemblyErrors (0ms)
			InitializePlatformSupportModulesInManaged (6ms)
			SetLoadedEditorAssemblies (6ms)
			RefreshPlugins (0ms)
			BeforeProcessingInitializeOnLoad (2ms)
			ProcessInitializeOnLoadAttributes (107ms)
			ProcessInitializeOnLoadMethodAttributes (43ms)
			AfterProcessingInitializeOnLoad (0ms)
			EditorAssembliesLoaded (0ms)
		ExecutionOrderSort2 (0ms)
		AwakeInstancesAfterBackupRestoration (0ms)
========================================================================
Worker process is ready to serve import requests
Begin MonoManager ReloadAssembly
- Loaded All Assemblies, in  0.528 seconds
Refreshing native plugins compatible for Editor in 2.40 ms, found 3 plugins.
Native extension for WindowsStandalone target not found
Package Manager log level set to [2]
[Package Manager] Server::EnsureServerProcessIsRunning -- launch failed, reason: Unity was launched with the -noUpm command-line argument
[Package Manager] UpmClient::Send -- Unable to send message (not connected to UPM process).
[Package Manager] Cannot connect to Unity Package Manager local server
Mono: successfully reloaded assembly
- Finished resetting the current domain, in  0.447 seconds
Domain Reload Profiling: 974ms
	BeginReloadAssembly (125ms)
		ExecutionOrderSort (0ms)
		DisableScriptedObjects (4ms)
		BackupInstance (0ms)
		ReleaseScriptingObjects (0ms)
		CreateAndSetChildDomain (17ms)
	RebuildCommonClasses (26ms)
	RebuildNativeTypeToScriptingClass (8ms)
	initialDomainReloadingComplete (32ms)
	LoadAllAssembliesAndSetupDomain (335ms)
		LoadAssemblies (264ms)
		RebuildTransferFunctionScriptingTraits (0ms)
		AnalyzeDomain (143ms)
			TypeCache.Refresh (128ms)
				TypeCache.ScanAssembly (116ms)
			ScanForSourceGeneratedMonoScriptInfo (11ms)
			ResolveRequiredComponents (3ms)
	FinalizeReload (447ms)
		ReleaseScriptCaches (0ms)
		RebuildScriptCaches (0ms)
		SetupLoadedEditorAssemblies (335ms)
			LogAssemblyErrors (0ms)
			InitializePlatformSupportModulesInManaged (4ms)
			SetLoadedEditorAssemblies (4ms)
			RefreshPlugins (0ms)
			BeforeProcessingInitializeOnLoad (46ms)
			ProcessInitializeOnLoadAttributes (263ms)
			ProcessInitializeOnLoadMethodAttributes (14ms)
			AfterProcessingInitializeOnLoad (4ms)
			EditorAssembliesLoaded (0ms)
		ExecutionOrderSort2 (0ms)
		AwakeInstancesAfterBackupRestoration (5ms)
Launched and connected shader compiler UnityShaderCompiler.exe after 0.04 seconds
Refreshing native plugins compatible for Editor in 2.37 ms, found 3 plugins.
Preloading 0 native plugins for Editor in 0.00 ms.
Unloading 3133 Unused Serialized files (Serialized files now loaded: 0)
Unloading 32 unused Assets / (57.2 KB). Loaded Objects now: 3595.
Memory consumption went from 123.5 MB to 123.5 MB.
Total: 2.457600 ms (FindLiveObjects: 0.246700 ms CreateObjectMapping: 0.073900 ms MarkObjects: 2.037100 ms  DeleteObjects: 0.098800 ms)

AssetImportParameters requested are different than current active one (requested -> active):
  custom:container-demuxer-ogg: 62fdf1f143b41e24485cea50d1cbac27 -> 
  custom:video-decoder-ogg-theora: a1e56fd34408186e4bbccfd4996cb3dc -> 
  custom:framework-win-MediaFoundation: 216162199b28c13a410421893ffa2e32 -> 
  custom:CustomObjectIndexerAttribute: 756ad292c208cfabdd7b50bc23989ffe -> 
  custom:container-demuxer-webm: 4f35f7cbe854078d1ac9338744f61a02 -> 
  custom:container-muxer-webm: aa71ff27fc2769a1b78a27578f13a17b -> 
  custom:video-decoder-webm-vp8: 9c59270c3fd7afecdb556c50c9e8de78 -> 
  custom:SearchIndexIgnoredProperties: e643bd26f0fe6173181afceb89e7c659 -> 
  custom:AudioImporter_EditorPlatform: d09bf68614088b80899f8185d706f6e7 -> 
  custom:video-encoder-webm-vp8: eb34c28f22e8b96e1ab97ce403110664 -> 
  custom:audio-decoder-ogg-vorbis: bf7c407c2cedff20999df2af8eb42d56 -> 
  custom:audio-encoder-webm-vorbis: bf7c407c2cedff20999df2af8eb42d56 -> 
========================================================================
Received Import Request.
  Time since last request: 924786.938253 seconds.
  path: Assets/CatBorg Studio/3D Dungeon Lowpoly Pack/Prefabs/05_Vault_01_Rubin#1.prefab
  artifactKey: Guid(b2d7c00e4dc018c498db89622b61d510) Importer(815301076,1909f56bfc062723c751e8b465ee728b)
Start importing Assets/CatBorg Studio/3D Dungeon Lowpoly Pack/Prefabs/05_Vault_01_Rubin#1.prefab using Guid(b2d7c00e4dc018c498db89622b61d510) Importer(815301076,1909f56bfc062723c751e8b465ee728b)  -> (artifact id: 'de8207d83b329495f47b0c575d8bc4bc') in 0.026505 seconds
Number of updated asset objects reloaded before import = 0
Number of asset objects unloaded after import = 6
========================================================================
Received Import Request.
  Time since last request: 0.074472 seconds.
  path: Assets/CatBorg Studio/3D Dungeon Lowpoly Pack/Prefabs/97_Othert_Torch_1.prefab
  artifactKey: Guid(6efb1860217d72445b1b6d7cfb4f8979) Importer(815301076,1909f56bfc062723c751e8b465ee728b)
Start importing Assets/CatBorg Studio/3D Dungeon Lowpoly Pack/Prefabs/97_Othert_Torch_1.prefab using Guid(6efb1860217d72445b1b6d7cfb4f8979) Importer(815301076,1909f56bfc062723c751e8b465ee728b)  -> (artifact id: 'aab4cb25399bbf839096ed0ea27d6567') in 0.002070 seconds
Number of updated asset objects reloaded before import = 0
Number of asset objects unloaded after import = 6
========================================================================
Received Import Request.
  Time since last request: 0.000012 seconds.
  path: Assets/CatBorg Studio/3D Dungeon Lowpoly Pack/Prefabs/99_Decorations_WallBanner_1.prefab
  artifactKey: Guid(cb43e42ad7ce04a4c9f29223eb3e62f1) Importer(815301076,1909f56bfc062723c751e8b465ee728b)
Start importing Assets/CatBorg Studio/3D Dungeon Lowpoly Pack/Prefabs/99_Decorations_WallBanner_1.prefab using Guid(cb43e42ad7ce04a4c9f29223eb3e62f1) Importer(815301076,1909f56bfc062723c751e8b465ee728b)  -> (artifact id: '6d115cd50fdb80fc4170eb6462989e1f') in 0.001279 seconds
Number of updated asset objects reloaded before import = 0
Number of asset objects unloaded after import = 6
========================================================================
Received Import Request.
  Time since last request: 0.000009 seconds.
  path: Assets/CatBorg Studio/3D Dungeon Lowpoly Pack/Prefabs/99_Decorations_WallBanner_5.prefab
  artifactKey: Guid(ec2f295bd6d5a874eae824112a4f523a) Importer(815301076,1909f56bfc062723c751e8b465ee728b)
Start importing Assets/CatBorg Studio/3D Dungeon Lowpoly Pack/Prefabs/99_Decorations_WallBanner_5.prefab using Guid(ec2f295bd6d5a874eae824112a4f523a) Importer(815301076,1909f56bfc062723c751e8b465ee728b)  -> (artifact id: 'b46aff8ccd2bb73240c164d80d038e97') in 0.001021 seconds
Number of updated asset objects reloaded before import = 0
Number of asset objects unloaded after import = 6
========================================================================
Received Import Request.
  Time since last request: 0.000008 seconds.
  path: Assets/CatBorg Studio/3D Dungeon Lowpoly Pack/Prefabs/99_Enviroment_Floor_01.prefab
  artifactKey: Guid(0646289dde1e8a544800d3790d629971) Importer(815301076,1909f56bfc062723c751e8b465ee728b)
Start importing Assets/CatBorg Studio/3D Dungeon Lowpoly Pack/Prefabs/99_Enviroment_Floor_01.prefab using Guid(0646289dde1e8a544800d3790d629971) Importer(815301076,1909f56bfc062723c751e8b465ee728b)  -> (artifact id: '9c33090de88b11e71093b9ec78cbcc00') in 0.001088 seconds
Number of updated asset objects reloaded before import = 0
Number of asset objects unloaded after import = 6
========================================================================
Received Import Request.
  Time since last request: 0.000009 seconds.
  path: Assets/CatBorg Studio/3D Dungeon Lowpoly Pack/Prefabs/99_Enviroment_Floor_02.prefab
  artifactKey: Guid(c894645c79a0f764ea20a47ea34a8ff9) Importer(815301076,1909f56bfc062723c751e8b465ee728b)
Start importing Assets/CatBorg Studio/3D Dungeon Lowpoly Pack/Prefabs/99_Enviroment_Floor_02.prefab using Guid(c894645c79a0f764ea20a47ea34a8ff9) Importer(815301076,1909f56bfc062723c751e8b465ee728b)  -> (artifact id: '39ba17b65518885d6988142956764155') in 0.001502 seconds
Number of updated asset objects reloaded before import = 0
Number of asset objects unloaded after import = 6
========================================================================
Received Import Request.
  Time since last request: 0.321859 seconds.
  path: Assets/CatBorg Studio/3D Dungeon Lowpoly Pack/Prefabs/99_Enviroment_Wall_01.prefab
  artifactKey: Guid(9bbb5245987b43043972821dcbdd765b) Importer(815301076,1909f56bfc062723c751e8b465ee728b)
Start importing Assets/CatBorg Studio/3D Dungeon Lowpoly Pack/Prefabs/99_Enviroment_Wall_01.prefab using Guid(9bbb5245987b43043972821dcbdd765b) Importer(815301076,1909f56bfc062723c751e8b465ee728b)  -> (artifact id: '07f1b18dbc352bd91740e6ceba794933') in 0.002079 seconds
Number of updated asset objects reloaded before import = 0
Number of asset objects unloaded after import = 12
========================================================================
Received Import Request.
  Time since last request: 41.386919 seconds.
  path: Assets/CatBorg Studio/3D Dungeon Lowpoly Pack/Materials/Glass.mat
  artifactKey: Guid(00d936608e1969947b5f410959bad6ab) Importer(815301076,1909f56bfc062723c751e8b465ee728b)
Start importing Assets/CatBorg Studio/3D Dungeon Lowpoly Pack/Materials/Glass.mat using Guid(00d936608e1969947b5f410959bad6ab) Importer(815301076,1909f56bfc062723c751e8b465ee728b)  -> (artifact id: 'd5e7b7b518104174bf0cf0dc88367a54') in 0.252370 seconds
Number of updated asset objects reloaded before import = 0
Number of asset objects unloaded after import = 1
========================================================================
Received Import Request.
  Time since last request: 0.921684 seconds.
  path: Assets/CatBorg Studio/3D Dungeon Lowpoly Pack/Models/01_DiningHall_01_Bottle#1.fbx
  artifactKey: Guid(821015a023bdd0c4f8c6e61b6586edb3) Importer(815301076,1909f56bfc062723c751e8b465ee728b)
Start importing Assets/CatBorg Studio/3D Dungeon Lowpoly Pack/Models/01_DiningHall_01_Bottle#1.fbx using Guid(821015a023bdd0c4f8c6e61b6586edb3) Importer(815301076,1909f56bfc062723c751e8b465ee728b)  -> (artifact id: '02e6751e4bae5d7f88d2abc31e137898') in 0.313932 seconds
Number of updated asset objects reloaded before import = 0
Number of asset objects unloaded after import = 9
========================================================================
Received Import Request.
  Time since last request: 0.000025 seconds.
  path: Assets/CatBorg Studio/3D Dungeon Lowpoly Pack/Models/03_Blacksmith_01_Hammer#2.fbx
  artifactKey: Guid(1e457b6408d1a6d43a5ea2846d1bd88f) Importer(815301076,1909f56bfc062723c751e8b465ee728b)
Start importing Assets/CatBorg Studio/3D Dungeon Lowpoly Pack/Models/03_Blacksmith_01_Hammer#2.fbx using Guid(1e457b6408d1a6d43a5ea2846d1bd88f) Importer(815301076,1909f56bfc062723c751e8b465ee728b)  -> (artifact id: '38d0d5231f1a6ff8f1d4d244453efab7') in 0.018969 seconds
Number of updated asset objects reloaded before import = 0
Number of asset objects unloaded after import = 9
========================================================================
Received Import Request.
  Time since last request: 0.000055 seconds.
  path: Assets/CatBorg Studio/3D Dungeon Lowpoly Pack/Models/02_Kitchen_01_CookingPot#1.fbx
  artifactKey: Guid(80870dfe9805f444fab1862626cae728) Importer(815301076,1909f56bfc062723c751e8b465ee728b)
Start importing Assets/CatBorg Studio/3D Dungeon Lowpoly Pack/Models/02_Kitchen_01_CookingPot#1.fbx using Guid(80870dfe9805f444fab1862626cae728) Importer(815301076,1909f56bfc062723c751e8b465ee728b)  -> (artifact id: '4b0a5873d2d8b80c6d790da7e200167c') in 0.022545 seconds
Number of updated asset objects reloaded before import = 0
Number of asset objects unloaded after import = 9
========================================================================
Received Import Request.
  Time since last request: 0.000018 seconds.
  path: Assets/CatBorg Studio/3D Dungeon Lowpoly Pack/Models/01_Library_01_InkWell#1.fbx
  artifactKey: Guid(4a1470cf32a2bb24da3b62b136b03a4e) Importer(815301076,1909f56bfc062723c751e8b465ee728b)
Start importing Assets/CatBorg Studio/3D Dungeon Lowpoly Pack/Models/01_Library_01_InkWell#1.fbx using Guid(4a1470cf32a2bb24da3b62b136b03a4e) Importer(815301076,1909f56bfc062723c751e8b465ee728b)  -> (artifact id: 'd53c876f15689066c94dcaae339b3f8f') in 0.022097 seconds
Number of updated asset objects reloaded before import = 0
Number of asset objects unloaded after import = 9
========================================================================
Received Import Request.
  Time since last request: 0.000037 seconds.
  path: Assets/CatBorg Studio/3D Dungeon Lowpoly Pack/Models/02_Kitchen_01_CookingPot#1_Stander.fbx
  artifactKey: Guid(af90d133d353ae4458d884c515f77053) Importer(815301076,1909f56bfc062723c751e8b465ee728b)
Start importing Assets/CatBorg Studio/3D Dungeon Lowpoly Pack/Models/02_Kitchen_01_CookingPot#1_Stander.fbx using Guid(af90d133d353ae4458d884c515f77053) Importer(815301076,1909f56bfc062723c751e8b465ee728b)  -> (artifact id: 'cc417581d5b999c5c3f95ec35aa08530') in 0.020670 seconds
Number of updated asset objects reloaded before import = 0
Number of asset objects unloaded after import = 9
========================================================================
Received Import Request.
  Time since last request: 0.000021 seconds.
  path: Assets/CatBorg Studio/3D Dungeon Lowpoly Pack/Models/02_Kitchen_01_Chopper.fbx
  artifactKey: Guid(21676d294d655b5478ce76c58d15f06e) Importer(815301076,1909f56bfc062723c751e8b465ee728b)
Start importing Assets/CatBorg Studio/3D Dungeon Lowpoly Pack/Models/02_Kitchen_01_Chopper.fbx using Guid(21676d294d655b5478ce76c58d15f06e) Importer(815301076,1909f56bfc062723c751e8b465ee728b)  -> (artifact id: 'c50b5ac6124981fcfddb6ce714a2c7be') in 0.018001 seconds
Number of updated asset objects reloaded before import = 0
Number of asset objects unloaded after import = 9
========================================================================
Received Import Request.
  Time since last request: 0.000017 seconds.
  path: Assets/CatBorg Studio/3D Dungeon Lowpoly Pack/Models/04_Bedroom_01_Matrace_ForBeed_1.fbx
  artifactKey: Guid(1ef5953b6c063f242b91ff91bfb0bc44) Importer(815301076,1909f56bfc062723c751e8b465ee728b)
Start importing Assets/CatBorg Studio/3D Dungeon Lowpoly Pack/Models/04_Bedroom_01_Matrace_ForBeed_1.fbx using Guid(1ef5953b6c063f242b91ff91bfb0bc44) Importer(815301076,1909f56bfc062723c751e8b465ee728b)  -> (artifact id: '04c738e6edc18209093f45ce68f63828') in 0.017562 seconds
Number of updated asset objects reloaded before import = 0
Number of asset objects unloaded after import = 9
========================================================================
Received Import Request.
  Time since last request: 0.000059 seconds.
  path: Assets/CatBorg Studio/3D Dungeon Lowpoly Pack/Models/01_DiningHall_01_Bowl#2.fbx
  artifactKey: Guid(73ce0a416903c7641822479ada6bc80c) Importer(815301076,1909f56bfc062723c751e8b465ee728b)
Start importing Assets/CatBorg Studio/3D Dungeon Lowpoly Pack/Models/01_DiningHall_01_Bowl#2.fbx using Guid(73ce0a416903c7641822479ada6bc80c) Importer(815301076,1909f56bfc062723c751e8b465ee728b)  -> (artifact id: '7e6cd23fd23401c398ebf00198c56f63') in 0.017554 seconds
Number of updated asset objects reloaded before import = 0
Number of asset objects unloaded after import = 9
========================================================================
Received Import Request.
  Time since last request: 0.000074 seconds.
  path: Assets/CatBorg Studio/3D Dungeon Lowpoly Pack/Models/03_Blacksmith_01_GrindingWheel_Wheel.fbx
  artifactKey: Guid(c4218bbde1775dc488ffca256521fe4b) Importer(815301076,1909f56bfc062723c751e8b465ee728b)
Start importing Assets/CatBorg Studio/3D Dungeon Lowpoly Pack/Models/03_Blacksmith_01_GrindingWheel_Wheel.fbx using Guid(c4218bbde1775dc488ffca256521fe4b) Importer(815301076,1909f56bfc062723c751e8b465ee728b)  -> (artifact id: '6d1b6bf618af74b9c4809483d6a82f78') in 0.020688 seconds
Number of updated asset objects reloaded before import = 0
Number of asset objects unloaded after import = 9
========================================================================
Received Import Request.
  Time since last request: 0.000062 seconds.
  path: Assets/CatBorg Studio/3D Dungeon Lowpoly Pack/Models/03_Blacksmith_01_AnvilStand.fbx
  artifactKey: Guid(4ca9d429a2b619d4e86ca28ce00b4b5b) Importer(815301076,1909f56bfc062723c751e8b465ee728b)
Start importing Assets/CatBorg Studio/3D Dungeon Lowpoly Pack/Models/03_Blacksmith_01_AnvilStand.fbx using Guid(4ca9d429a2b619d4e86ca28ce00b4b5b) Importer(815301076,1909f56bfc062723c751e8b465ee728b)  -> (artifact id: '206ec4235730d3f9a4e36a871c13c3fb') in 0.018399 seconds
Number of updated asset objects reloaded before import = 0
Number of asset objects unloaded after import = 9
========================================================================
Received Import Request.
  Time since last request: 0.000031 seconds.
  path: Assets/CatBorg Studio/3D Dungeon Lowpoly Pack/Models/02_Kitchen_01_CookingPot#2.fbx
  artifactKey: Guid(20ac841c5eb778d488b5a88d44d1bbee) Importer(815301076,1909f56bfc062723c751e8b465ee728b)
Start importing Assets/CatBorg Studio/3D Dungeon Lowpoly Pack/Models/02_Kitchen_01_CookingPot#2.fbx using Guid(20ac841c5eb778d488b5a88d44d1bbee) Importer(815301076,1909f56bfc062723c751e8b465ee728b)  -> (artifact id: '8811b02db56724b4a6b45ebd01812809') in 0.015855 seconds
Number of updated asset objects reloaded before import = 0
Number of asset objects unloaded after import = 9
========================================================================
Received Import Request.
  Time since last request: 0.000020 seconds.
  path: Assets/CatBorg Studio/3D Dungeon Lowpoly Pack/Models/01_Library_01_Chear_High#1.fbx
  artifactKey: Guid(e75b6260e4f60b74fa98347b1ee928ff) Importer(815301076,1909f56bfc062723c751e8b465ee728b)
Start importing Assets/CatBorg Studio/3D Dungeon Lowpoly Pack/Models/01_Library_01_Chear_High#1.fbx using Guid(e75b6260e4f60b74fa98347b1ee928ff) Importer(815301076,1909f56bfc062723c751e8b465ee728b)  -> (artifact id: '63869245a793509baa202132c6e16e39') in 0.018196 seconds
Number of updated asset objects reloaded before import = 0
Number of asset objects unloaded after import = 9
========================================================================
Received Import Request.
  Time since last request: 0.000053 seconds.
  path: Assets/CatBorg Studio/3D Dungeon Lowpoly Pack/Models/01_Library_01_BigBook#2.fbx
  artifactKey: Guid(cde7019a5c7ef294e966f1aba2e87a4b) Importer(815301076,1909f56bfc062723c751e8b465ee728b)
Start importing Assets/CatBorg Studio/3D Dungeon Lowpoly Pack/Models/01_Library_01_BigBook#2.fbx using Guid(cde7019a5c7ef294e966f1aba2e87a4b) Importer(815301076,1909f56bfc062723c751e8b465ee728b)  -> (artifact id: '067b2d9ddd5c0eaac560128746087779') in 0.019516 seconds
Number of updated asset objects reloaded before import = 0
Number of asset objects unloaded after import = 9
========================================================================
Received Import Request.
  Time since last request: 17.491772 seconds.
  path: Assets/CatBorg Studio/3D Dungeon Lowpoly Pack/Models/97_Othert_Star.fbx
  artifactKey: Guid(33bd891aa40ecaf4390d56171a34e1fa) Importer(815301076,1909f56bfc062723c751e8b465ee728b)
Start importing Assets/CatBorg Studio/3D Dungeon Lowpoly Pack/Models/97_Othert_Star.fbx using Guid(33bd891aa40ecaf4390d56171a34e1fa) Importer(815301076,1909f56bfc062723c751e8b465ee728b)  -> (artifact id: '4c26d76425cd26ebae0359c0d1a520fe') in 0.023835 seconds
Number of updated asset objects reloaded before import = 0
Number of asset objects unloaded after import = 9
========================================================================
Received Import Request.
  Time since last request: 0.000021 seconds.
  path: Assets/CatBorg Studio/3D Dungeon Lowpoly Pack/Models/99_Decorations_WallBanner_5.fbx
  artifactKey: Guid(2c47b3c297f48df40b76fe28819338e1) Importer(815301076,1909f56bfc062723c751e8b465ee728b)
Start importing Assets/CatBorg Studio/3D Dungeon Lowpoly Pack/Models/99_Decorations_WallBanner_5.fbx using Guid(2c47b3c297f48df40b76fe28819338e1) Importer(815301076,1909f56bfc062723c751e8b465ee728b)  -> (artifact id: '4a3f847643e39f8e3fa0f91bade71810') in 0.028945 seconds
Number of updated asset objects reloaded before import = 0
Number of asset objects unloaded after import = 9
========================================================================
Received Import Request.
  Time since last request: 0.000030 seconds.
  path: Assets/CatBorg Studio/3D Dungeon Lowpoly Pack/Models/99_Enviroment_Floor_03.fbx
  artifactKey: Guid(f5a2aed0ed573f4479111a67565c1d46) Importer(815301076,1909f56bfc062723c751e8b465ee728b)
Start importing Assets/CatBorg Studio/3D Dungeon Lowpoly Pack/Models/99_Enviroment_Floor_03.fbx using Guid(f5a2aed0ed573f4479111a67565c1d46) Importer(815301076,1909f56bfc062723c751e8b465ee728b)  -> (artifact id: '549648bc82c8da94d7a989cfae05b6e3') in 0.030119 seconds
Number of updated asset objects reloaded before import = 0
Number of asset objects unloaded after import = 9
========================================================================
Received Import Request.
  Time since last request: 0.000053 seconds.
  path: Assets/CatBorg Studio/3D Dungeon Lowpoly Pack/Models/99_Enviroment_Wall_01.fbx
  artifactKey: Guid(33017ed3f61fb2f4aaf8f84ce029b5eb) Importer(815301076,1909f56bfc062723c751e8b465ee728b)
Start importing Assets/CatBorg Studio/3D Dungeon Lowpoly Pack/Models/99_Enviroment_Wall_01.fbx using Guid(33017ed3f61fb2f4aaf8f84ce029b5eb) Importer(815301076,1909f56bfc062723c751e8b465ee728b)  -> (artifact id: '192890747277d8c75700b9eccc8003a6') in 0.049902 seconds
Number of updated asset objects reloaded before import = 0
Number of asset objects unloaded after import = 16
========================================================================
Received Import Request.
  Time since last request: 0.000016 seconds.
  path: Assets/CatBorg Studio/3D Dungeon Lowpoly Pack/Models/99_Decorations_WallBanner_3.fbx
  artifactKey: Guid(bfba9512654755e42b00fd88f7d72691) Importer(815301076,1909f56bfc062723c751e8b465ee728b)
Start importing Assets/CatBorg Studio/3D Dungeon Lowpoly Pack/Models/99_Decorations_WallBanner_3.fbx using Guid(bfba9512654755e42b00fd88f7d72691) Importer(815301076,1909f56bfc062723c751e8b465ee728b)  -> (artifact id: 'a1d1a4368669cf040e928c82efd240b3') in 0.038219 seconds
Number of updated asset objects reloaded before import = 0
Number of asset objects unloaded after import = 8
========================================================================
Received Import Request.
  Time since last request: 0.000043 seconds.
  path: Assets/CatBorg Studio/3D Dungeon Lowpoly Pack/Models/99_Enviroment_Stears.fbx
  artifactKey: Guid(e7acb14ed36ace9438cb0acd158f7d2d) Importer(815301076,1909f56bfc062723c751e8b465ee728b)
Start importing Assets/CatBorg Studio/3D Dungeon Lowpoly Pack/Models/99_Enviroment_Stears.fbx using Guid(e7acb14ed36ace9438cb0acd158f7d2d) Importer(815301076,1909f56bfc062723c751e8b465ee728b)  -> (artifact id: '10d7fdba0804fd6cca294780554cad19') in 0.026130 seconds
Number of updated asset objects reloaded before import = 0
Number of asset objects unloaded after import = 9
========================================================================
Received Import Request.
  Time since last request: 0.512172 seconds.
  path: Assets/CatBorg Studio/3D Dungeon Lowpoly Pack/Models/05_Vault_01_Rubin#1.fbx
  artifactKey: Guid(25c811799ef8eb94fb6299fcd3154bb6) Importer(815301076,1909f56bfc062723c751e8b465ee728b)
Start importing Assets/CatBorg Studio/3D Dungeon Lowpoly Pack/Models/05_Vault_01_Rubin#1.fbx using Guid(25c811799ef8eb94fb6299fcd3154bb6) Importer(815301076,1909f56bfc062723c751e8b465ee728b)  -> (artifact id: '909b5c43f9b821e52b54b6cee46e9387') in 0.036034 seconds
Number of updated asset objects reloaded before import = 0
Number of asset objects unloaded after import = 9
========================================================================
Received Import Request.
  Time since last request: 0.000037 seconds.
  path: Assets/CatBorg Studio/3D Dungeon Lowpoly Pack/Models/97_Othert_Key_Yellow.fbx
  artifactKey: Guid(5f73264f4e49f0343aa00c76e62839ca) Importer(815301076,1909f56bfc062723c751e8b465ee728b)
Start importing Assets/CatBorg Studio/3D Dungeon Lowpoly Pack/Models/97_Othert_Key_Yellow.fbx using Guid(5f73264f4e49f0343aa00c76e62839ca) Importer(815301076,1909f56bfc062723c751e8b465ee728b)  -> (artifact id: '5a6c6a24ec3c5f3cfa27438a8c5acec8') in 0.026088 seconds
Number of updated asset objects reloaded before import = 0
Number of asset objects unloaded after import = 9
========================================================================
Received Import Request.
  Time since last request: 0.000019 seconds.
  path: Assets/CatBorg Studio/3D Dungeon Lowpoly Pack/Models/97_Othert_Amphora_Whole.fbx
  artifactKey: Guid(05f1982eaf975f44dafab44f8b43ddba) Importer(815301076,1909f56bfc062723c751e8b465ee728b)
Start importing Assets/CatBorg Studio/3D Dungeon Lowpoly Pack/Models/97_Othert_Amphora_Whole.fbx using Guid(05f1982eaf975f44dafab44f8b43ddba) Importer(815301076,1909f56bfc062723c751e8b465ee728b)  -> (artifact id: 'ca722658037cbef2c11d7181dbd9f145') in 0.055053 seconds
Number of updated asset objects reloaded before import = 0
Number of asset objects unloaded after import = 16
========================================================================
Received Import Request.
  Time since last request: 0.000022 seconds.
  path: Assets/CatBorg Studio/3D Dungeon Lowpoly Pack/Models/97_Othert_Barrel_MK2.fbx
  artifactKey: Guid(0843b88777ab1574c8ef4fc388f0f13b) Importer(815301076,1909f56bfc062723c751e8b465ee728b)
Start importing Assets/CatBorg Studio/3D Dungeon Lowpoly Pack/Models/97_Othert_Barrel_MK2.fbx using Guid(0843b88777ab1574c8ef4fc388f0f13b) Importer(815301076,1909f56bfc062723c751e8b465ee728b)  -> (artifact id: '30f54e4033c4615586f55353bc592ef2') in 0.138229 seconds
Number of updated asset objects reloaded before import = 0
Number of asset objects unloaded after import = 101
========================================================================
Received Import Request.
  Time since last request: 10.425091 seconds.
  path: Assets/CatBorg Studio/3D Dungeon Lowpoly Pack/Textures/K4DvOYlE.png
  artifactKey: Guid(2a374816550955848a2d16082727694c) Importer(815301076,1909f56bfc062723c751e8b465ee728b)
Start importing Assets/CatBorg Studio/3D Dungeon Lowpoly Pack/Textures/K4DvOYlE.png using Guid(2a374816550955848a2d16082727694c) Importer(815301076,1909f56bfc062723c751e8b465ee728b)  -> (artifact id: '1b361510017cf9448df918bbd5368348') in 0.029084 seconds
Number of updated asset objects reloaded before import = 0
Number of asset objects unloaded after import = 3
========================================================================
Received Import Request.
  Time since last request: 318.380364 seconds.
  path: Assets/CatBorg Studio/3D Dungeon Lowpoly Pack/Prefabs/99_Enviroment_Wall_02.prefab
  artifactKey: Guid(dd057b69bb9b25e468854341f1abb5a6) Importer(815301076,1909f56bfc062723c751e8b465ee728b)
Start importing Assets/CatBorg Studio/3D Dungeon Lowpoly Pack/Prefabs/99_Enviroment_Wall_02.prefab using Guid(dd057b69bb9b25e468854341f1abb5a6) Importer(815301076,1909f56bfc062723c751e8b465ee728b)  -> (artifact id: '592f0b0bdfbf132487247da8a4a959ed') in 0.015796 seconds
Number of updated asset objects reloaded before import = 0
Number of asset objects unloaded after import = 17
========================================================================
Received Import Request.
  Time since last request: 4.602517 seconds.
  path: Assets/CatBorg Studio/3D Dungeon Lowpoly Pack/Prefabs/99_Enviroment_Wall_02.prefab
  artifactKey: Guid(dd057b69bb9b25e468854341f1abb5a6) Importer(815301076,1909f56bfc062723c751e8b465ee728b)
Start importing Assets/CatBorg Studio/3D Dungeon Lowpoly Pack/Prefabs/99_Enviroment_Wall_02.prefab using Guid(dd057b69bb9b25e468854341f1abb5a6) Importer(815301076,1909f56bfc062723c751e8b465ee728b)  -> (artifact id: '8928cff4bea789baae53e9a92da229e5') in 0.008795 seconds
Number of updated asset objects reloaded before import = 0
Number of asset objects unloaded after import = 17
========================================================================
Received Import Request.
  Time since last request: 2.815740 seconds.
  path: Assets/CatBorg Studio/3D Dungeon Lowpoly Pack/Prefabs/99_Enviroment_Wall_02.prefab
  artifactKey: Guid(dd057b69bb9b25e468854341f1abb5a6) Importer(815301076,1909f56bfc062723c751e8b465ee728b)
Start importing Assets/CatBorg Studio/3D Dungeon Lowpoly Pack/Prefabs/99_Enviroment_Wall_02.prefab using Guid(dd057b69bb9b25e468854341f1abb5a6) Importer(815301076,1909f56bfc062723c751e8b465ee728b)  -> (artifact id: 'eb0c3bd1e3b2e444fb0ddda32c3a93d0') in 0.010776 seconds
Number of updated asset objects reloaded before import = 0
Number of asset objects unloaded after import = 17
========================================================================
Received Import Request.
  Time since last request: 2.613278 seconds.
  path: Assets/CatBorg Studio/3D Dungeon Lowpoly Pack/Prefabs/99_Enviroment_Wall_02.prefab
  artifactKey: Guid(dd057b69bb9b25e468854341f1abb5a6) Importer(815301076,1909f56bfc062723c751e8b465ee728b)
Start importing Assets/CatBorg Studio/3D Dungeon Lowpoly Pack/Prefabs/99_Enviroment_Wall_02.prefab using Guid(dd057b69bb9b25e468854341f1abb5a6) Importer(815301076,1909f56bfc062723c751e8b465ee728b)  -> (artifact id: '6d7df24dce3a2c7d449234e2f9a1fc0d') in 0.007901 seconds
Number of updated asset objects reloaded before import = 0
Number of asset objects unloaded after import = 17
========================================================================
Received Import Request.
  Time since last request: 3.014133 seconds.
  path: Assets/CatBorg Studio/3D Dungeon Lowpoly Pack/Prefabs/99_Enviroment_Wall_02.prefab
  artifactKey: Guid(dd057b69bb9b25e468854341f1abb5a6) Importer(815301076,1909f56bfc062723c751e8b465ee728b)
Start importing Assets/CatBorg Studio/3D Dungeon Lowpoly Pack/Prefabs/99_Enviroment_Wall_02.prefab using Guid(dd057b69bb9b25e468854341f1abb5a6) Importer(815301076,1909f56bfc062723c751e8b465ee728b)  -> (artifact id: 'a497d12c397fe8884bd6478f5beb4b17') in 0.007510 seconds
Number of updated asset objects reloaded before import = 0
Number of asset objects unloaded after import = 17
========================================================================
Received Import Request.
  Time since last request: 4.819227 seconds.
  path: Assets/CatBorg Studio/3D Dungeon Lowpoly Pack/Prefabs/99_Enviroment_Wall_02.prefab
  artifactKey: Guid(dd057b69bb9b25e468854341f1abb5a6) Importer(815301076,1909f56bfc062723c751e8b465ee728b)
Start importing Assets/CatBorg Studio/3D Dungeon Lowpoly Pack/Prefabs/99_Enviroment_Wall_02.prefab using Guid(dd057b69bb9b25e468854341f1abb5a6) Importer(815301076,1909f56bfc062723c751e8b465ee728b)  -> (artifact id: 'd38ed1e641470f1370e74159acd69db7') in 0.009444 seconds
Number of updated asset objects reloaded before import = 0
Number of asset objects unloaded after import = 17
========================================================================
Received Import Request.
  Time since last request: 4.618610 seconds.
  path: Assets/CatBorg Studio/3D Dungeon Lowpoly Pack/Prefabs/99_Enviroment_Wall_02.prefab
  artifactKey: Guid(dd057b69bb9b25e468854341f1abb5a6) Importer(815301076,1909f56bfc062723c751e8b465ee728b)
Start importing Assets/CatBorg Studio/3D Dungeon Lowpoly Pack/Prefabs/99_Enviroment_Wall_02.prefab using Guid(dd057b69bb9b25e468854341f1abb5a6) Importer(815301076,1909f56bfc062723c751e8b465ee728b)  -> (artifact id: 'e3d50dd542044484b34bdc971de8005c') in 0.007374 seconds
Number of updated asset objects reloaded before import = 0
Number of asset objects unloaded after import = 17
========================================================================
Received Import Request.
  Time since last request: 2.208995 seconds.
  path: Assets/CatBorg Studio/3D Dungeon Lowpoly Pack/Prefabs/99_Enviroment_Wall_02.prefab
  artifactKey: Guid(dd057b69bb9b25e468854341f1abb5a6) Importer(815301076,1909f56bfc062723c751e8b465ee728b)
Start importing Assets/CatBorg Studio/3D Dungeon Lowpoly Pack/Prefabs/99_Enviroment_Wall_02.prefab using Guid(dd057b69bb9b25e468854341f1abb5a6) Importer(815301076,1909f56bfc062723c751e8b465ee728b)  -> (artifact id: 'c5675f4be5cbfa7ae8bba60250a42703') in 0.007710 seconds
Number of updated asset objects reloaded before import = 0
Number of asset objects unloaded after import = 17
========================================================================
Received Import Request.
  Time since last request: 4.022686 seconds.
  path: Assets/CatBorg Studio/3D Dungeon Lowpoly Pack/Prefabs/99_Enviroment_Wall_02.prefab
  artifactKey: Guid(dd057b69bb9b25e468854341f1abb5a6) Importer(815301076,1909f56bfc062723c751e8b465ee728b)
Start importing Assets/CatBorg Studio/3D Dungeon Lowpoly Pack/Prefabs/99_Enviroment_Wall_02.prefab using Guid(dd057b69bb9b25e468854341f1abb5a6) Importer(815301076,1909f56bfc062723c751e8b465ee728b)  -> (artifact id: '1a1cdad0adfb968f0d5f9022fb5ac5fc') in 0.007059 seconds
Number of updated asset objects reloaded before import = 0
Number of asset objects unloaded after import = 17
========================================================================
Received Import Request.
  Time since last request: 4.220030 seconds.
  path: Assets/CatBorg Studio/3D Dungeon Lowpoly Pack/Prefabs/99_Enviroment_Wall_02.prefab
  artifactKey: Guid(dd057b69bb9b25e468854341f1abb5a6) Importer(815301076,1909f56bfc062723c751e8b465ee728b)
Start importing Assets/CatBorg Studio/3D Dungeon Lowpoly Pack/Prefabs/99_Enviroment_Wall_02.prefab using Guid(dd057b69bb9b25e468854341f1abb5a6) Importer(815301076,1909f56bfc062723c751e8b465ee728b)  -> (artifact id: '0f21587af894202458c45c98e59f014d') in 0.009087 seconds
Number of updated asset objects reloaded before import = 0
Number of asset objects unloaded after import = 17
========================================================================
Received Import Request.
  Time since last request: 2.804705 seconds.
  path: Assets/CatBorg Studio/3D Dungeon Lowpoly Pack/Prefabs/99_Enviroment_Wall_02.prefab
  artifactKey: Guid(dd057b69bb9b25e468854341f1abb5a6) Importer(815301076,1909f56bfc062723c751e8b465ee728b)
Start importing Assets/CatBorg Studio/3D Dungeon Lowpoly Pack/Prefabs/99_Enviroment_Wall_02.prefab using Guid(dd057b69bb9b25e468854341f1abb5a6) Importer(815301076,1909f56bfc062723c751e8b465ee728b)  -> (artifact id: '9d5ecb61495e06dcb4a3b1205d982b60') in 0.007241 seconds
Number of updated asset objects reloaded before import = 0
Number of asset objects unloaded after import = 17
========================================================================
Received Prepare
Begin MonoManager ReloadAssembly
- Loaded All Assemblies, in  0.357 seconds
Refreshing native plugins compatible for Editor in 2.42 ms, found 3 plugins.
Native extension for WindowsStandalone target not found
[Package Manager] Server::EnsureServerProcessIsRunning -- launch failed, reason: Unity was launched with the -noUpm command-line argument
[Package Manager] UpmClient::Send -- Unable to send message (not connected to UPM process).
[Package Manager] Cannot connect to Unity Package Manager local server
Mono: successfully reloaded assembly
- Finished resetting the current domain, in  0.775 seconds
Domain Reload Profiling: 1131ms
	BeginReloadAssembly (138ms)
		ExecutionOrderSort (0ms)
		DisableScriptedObjects (3ms)
		BackupInstance (0ms)
		ReleaseScriptingObjects (0ms)
		CreateAndSetChildDomain (42ms)
	RebuildCommonClasses (24ms)
	RebuildNativeTypeToScriptingClass (8ms)
	initialDomainReloadingComplete (27ms)
	LoadAllAssembliesAndSetupDomain (157ms)
		LoadAssemblies (208ms)
		RebuildTransferFunctionScriptingTraits (0ms)
		AnalyzeDomain (11ms)
			TypeCache.Refresh (7ms)
				TypeCache.ScanAssembly (0ms)
			ScanForSourceGeneratedMonoScriptInfo (0ms)
			ResolveRequiredComponents (3ms)
	FinalizeReload (776ms)
		ReleaseScriptCaches (0ms)
		RebuildScriptCaches (0ms)
		SetupLoadedEditorAssemblies (379ms)
			LogAssemblyErrors (0ms)
			InitializePlatformSupportModulesInManaged (5ms)
			SetLoadedEditorAssemblies (4ms)
			RefreshPlugins (0ms)
			BeforeProcessingInitializeOnLoad (47ms)
			ProcessInitializeOnLoadAttributes (298ms)
			ProcessInitializeOnLoadMethodAttributes (20ms)
			AfterProcessingInitializeOnLoad (4ms)
			EditorAssembliesLoaded (0ms)
		ExecutionOrderSort2 (0ms)
		AwakeInstancesAfterBackupRestoration (6ms)
Refreshing native plugins compatible for Editor in 2.59 ms, found 3 plugins.
Preloading 0 native plugins for Editor in 0.00 ms.
Unloading 3125 Unused Serialized files (Serialized files now loaded: 0)
Unloading 23 unused Assets / (31.0 KB). Loaded Objects now: 3646.
Memory consumption went from 129.2 MB to 129.2 MB.
Total: 2.791300 ms (FindLiveObjects: 0.289100 ms CreateObjectMapping: 0.259800 ms MarkObjects: 2.191300 ms  DeleteObjects: 0.050100 ms)

Prepare: number of updated asset objects reloaded= 0
AssetImportParameters requested are different than current active one (requested -> active):
  custom:container-demuxer-ogg: 62fdf1f143b41e24485cea50d1cbac27 -> 
  custom:video-decoder-ogg-theora: a1e56fd34408186e4bbccfd4996cb3dc -> 
  custom:framework-win-MediaFoundation: 216162199b28c13a410421893ffa2e32 -> 
  custom:CustomObjectIndexerAttribute: 756ad292c208cfabdd7b50bc23989ffe -> 
  custom:container-demuxer-webm: 4f35f7cbe854078d1ac9338744f61a02 -> 
  custom:container-muxer-webm: aa71ff27fc2769a1b78a27578f13a17b -> 
  custom:video-decoder-webm-vp8: 9c59270c3fd7afecdb556c50c9e8de78 -> 
  custom:SearchIndexIgnoredProperties: e643bd26f0fe6173181afceb89e7c659 -> 
  custom:AudioImporter_EditorPlatform: d09bf68614088b80899f8185d706f6e7 -> 
  custom:video-encoder-webm-vp8: eb34c28f22e8b96e1ab97ce403110664 -> 
  custom:audio-decoder-ogg-vorbis: bf7c407c2cedff20999df2af8eb42d56 -> 
  custom:audio-encoder-webm-vorbis: bf7c407c2cedff20999df2af8eb42d56 -> 
========================================================================
Received Prepare
Begin MonoManager ReloadAssembly
- Loaded All Assemblies, in  0.342 seconds
Refreshing native plugins compatible for Editor in 2.20 ms, found 3 plugins.
Native extension for WindowsStandalone target not found
[Package Manager] Server::EnsureServerProcessIsRunning -- launch failed, reason: Unity was launched with the -noUpm command-line argument
[Package Manager] UpmClient::Send -- Unable to send message (not connected to UPM process).
[Package Manager] Cannot connect to Unity Package Manager local server
Mono: successfully reloaded assembly
- Finished resetting the current domain, in  0.775 seconds
Domain Reload Profiling: 1116ms
	BeginReloadAssembly (131ms)
		ExecutionOrderSort (0ms)
		DisableScriptedObjects (3ms)
		BackupInstance (0ms)
		ReleaseScriptingObjects (0ms)
		CreateAndSetChildDomain (34ms)
	RebuildCommonClasses (25ms)
	RebuildNativeTypeToScriptingClass (8ms)
	initialDomainReloadingComplete (22ms)
	LoadAllAssembliesAndSetupDomain (155ms)
		LoadAssemblies (207ms)
		RebuildTransferFunctionScriptingTraits (0ms)
		AnalyzeDomain (10ms)
			TypeCache.Refresh (5ms)
				TypeCache.ScanAssembly (0ms)
			ScanForSourceGeneratedMonoScriptInfo (0ms)
			ResolveRequiredComponents (3ms)
	FinalizeReload (776ms)
		ReleaseScriptCaches (0ms)
		RebuildScriptCaches (0ms)
		SetupLoadedEditorAssemblies (398ms)
			LogAssemblyErrors (0ms)
			InitializePlatformSupportModulesInManaged (4ms)
			SetLoadedEditorAssemblies (4ms)
			RefreshPlugins (0ms)
			BeforeProcessingInitializeOnLoad (47ms)
			ProcessInitializeOnLoadAttributes (314ms)
			ProcessInitializeOnLoadMethodAttributes (22ms)
			AfterProcessingInitializeOnLoad (6ms)
			EditorAssembliesLoaded (0ms)
		ExecutionOrderSort2 (0ms)
		AwakeInstancesAfterBackupRestoration (7ms)
Refreshing native plugins compatible for Editor in 2.58 ms, found 3 plugins.
Preloading 0 native plugins for Editor in 0.00 ms.
Unloading 3126 Unused Serialized files (Serialized files now loaded: 0)
Unloading 23 unused Assets / (31.0 KB). Loaded Objects now: 3649.
Memory consumption went from 131.4 MB to 131.4 MB.
Total: 3.767900 ms (FindLiveObjects: 0.290400 ms CreateObjectMapping: 0.092200 ms MarkObjects: 3.326200 ms  DeleteObjects: 0.057900 ms)

Prepare: number of updated asset objects reloaded= 0
AssetImportParameters requested are different than current active one (requested -> active):
  custom:container-demuxer-ogg: 62fdf1f143b41e24485cea50d1cbac27 -> 
  custom:video-decoder-ogg-theora: a1e56fd34408186e4bbccfd4996cb3dc -> 
  custom:framework-win-MediaFoundation: 216162199b28c13a410421893ffa2e32 -> 
  custom:CustomObjectIndexerAttribute: 756ad292c208cfabdd7b50bc23989ffe -> 
  custom:container-demuxer-webm: 4f35f7cbe854078d1ac9338744f61a02 -> 
  custom:container-muxer-webm: aa71ff27fc2769a1b78a27578f13a17b -> 
  custom:video-decoder-webm-vp8: 9c59270c3fd7afecdb556c50c9e8de78 -> 
  custom:SearchIndexIgnoredProperties: e643bd26f0fe6173181afceb89e7c659 -> 
  custom:AudioImporter_EditorPlatform: d09bf68614088b80899f8185d706f6e7 -> 
  custom:video-encoder-webm-vp8: eb34c28f22e8b96e1ab97ce403110664 -> 
  custom:audio-decoder-ogg-vorbis: bf7c407c2cedff20999df2af8eb42d56 -> 
  custom:audio-encoder-webm-vorbis: bf7c407c2cedff20999df2af8eb42d56 -> 
========================================================================
Received Import Request.
  Time since last request: 348.671161 seconds.
  path: Assets/RPGHero/Prefabs
  artifactKey: Guid(a2a0b3e9614ce9644bcf0df7f50794ce) Importer(815301076,1909f56bfc062723c751e8b465ee728b)
Start importing Assets/RPGHero/Prefabs using Guid(a2a0b3e9614ce9644bcf0df7f50794ce) Importer(815301076,1909f56bfc062723c751e8b465ee728b)  -> (artifact id: '3c2ddf7652798afeafb495bf52419cd9') in 0.003614 seconds
Number of updated asset objects reloaded before import = 0
Number of asset objects unloaded after import = 0
========================================================================
Received Import Request.
  Time since last request: 0.106545 seconds.
  path: Assets/RPGHero/Prefabs/RPGHeroHP.prefab
  artifactKey: Guid(c20397bf1592dc040b827e8716b0bd41) Importer(815301076,1909f56bfc062723c751e8b465ee728b)
Start importing Assets/RPGHero/Prefabs/RPGHeroHP.prefab using Guid(c20397bf1592dc040b827e8716b0bd41) Importer(815301076,1909f56bfc062723c751e8b465ee728b)  -> (artifact id: 'd71cb70fd518379b90efdbb157aeb709') in 0.179398 seconds
Number of updated asset objects reloaded before import = 0
Number of asset objects unloaded after import = 180
========================================================================
Received Import Request.
  Time since last request: 7.458659 seconds.
  path: Assets/RPGHero/Meshes/NewFreeRPGHero.fbx
  artifactKey: Guid(9ce6002518e821e43b4f97c76700fbac) Importer(815301076,1909f56bfc062723c751e8b465ee728b)
Start importing Assets/RPGHero/Meshes/NewFreeRPGHero.fbx using Guid(9ce6002518e821e43b4f97c76700fbac) Importer(815301076,1909f56bfc062723c751e8b465ee728b)  -> (artifact id: 'ebc66881c9237f9251b047c1cedf3b3c') in 0.037553 seconds
Number of updated asset objects reloaded before import = 0
Number of asset objects unloaded after import = 136
========================================================================
Received Import Request.
  Time since last request: 0.003702 seconds.
  path: Assets/RPGHero/Meshes/Shield.fbx
  artifactKey: Guid(9d34b073abce58249a1f664619a13aaa) Importer(815301076,1909f56bfc062723c751e8b465ee728b)
Start importing Assets/RPGHero/Meshes/Shield.fbx using Guid(9d34b073abce58249a1f664619a13aaa) Importer(815301076,1909f56bfc062723c751e8b465ee728b)  -> (artifact id: '2fef10ef129e29225677382c205517b6') in 0.025909 seconds
Number of updated asset objects reloaded before import = 0
Number of asset objects unloaded after import = 7
========================================================================
Received Import Request.
  Time since last request: 0.000020 seconds.
  path: Assets/RPGHero/Meshes/Stage.fbx
  artifactKey: Guid(433ba552641724b44889f4b106bec3f5) Importer(815301076,1909f56bfc062723c751e8b465ee728b)
Start importing Assets/RPGHero/Meshes/Stage.fbx using Guid(433ba552641724b44889f4b106bec3f5) Importer(815301076,1909f56bfc062723c751e8b465ee728b)  -> (artifact id: 'f0a61b2319bf98992ef28b5f5bdf83df') in 0.016677 seconds
Number of updated asset objects reloaded before import = 0
Number of asset objects unloaded after import = 7
========================================================================
Received Import Request.
  Time since last request: 0.000040 seconds.
  path: Assets/RPGHero/Meshes/Sword.fbx
  artifactKey: Guid(64564c9f5e409974297b87494cbe4731) Importer(815301076,1909f56bfc062723c751e8b465ee728b)
Start importing Assets/RPGHero/Meshes/Sword.fbx using Guid(64564c9f5e409974297b87494cbe4731) Importer(815301076,1909f56bfc062723c751e8b465ee728b)  -> (artifact id: '1b15e02da8c170193d918cd206f49e33') in 0.016734 seconds
Number of updated asset objects reloaded before import = 0
Number of asset objects unloaded after import = 7
========================================================================
Received Import Request.
  Time since last request: 0.000057 seconds.
  path: Assets/RPGHero/Meshes/PolyartShield.fbx
  artifactKey: Guid(82d123ce4a1a7824bae34da0dd9e13f5) Importer(815301076,1909f56bfc062723c751e8b465ee728b)
Start importing Assets/RPGHero/Meshes/PolyartShield.fbx using Guid(82d123ce4a1a7824bae34da0dd9e13f5) Importer(815301076,1909f56bfc062723c751e8b465ee728b)  -> (artifact id: '7c6b8c93a7a1347d45ca2f95f6860b8b') in 0.015463 seconds
Number of updated asset objects reloaded before import = 0
Number of asset objects unloaded after import = 7
========================================================================
Received Import Request.
  Time since last request: 11.203582 seconds.
  path: Assets/RPGHero/Materials/HandPainted.mat
  artifactKey: Guid(6acc71550c566ce42a8bedab0c3b42af) Importer(815301076,1909f56bfc062723c751e8b465ee728b)
Start importing Assets/RPGHero/Materials/HandPainted.mat using Guid(6acc71550c566ce42a8bedab0c3b42af) Importer(815301076,1909f56bfc062723c751e8b465ee728b)  -> (artifact id: '2bf123aefb20ae601afbd659869ee98d') in 0.028803 seconds
Number of updated asset objects reloaded before import = 0
Number of asset objects unloaded after import = 1
Editor requested this worker to shutdown with reason: Scaling down because of idle timeout
TcpMessagingSession - receive error: operation aborted. errorcode: 995, details: The I/O operation has been aborted because of either a thread exit or an application request.
AssetImportWorker is now disconnected from the server
Process exiting
Exiting without the bug reporter. Application will terminate with return code 0